Release 14.7 - xst P.20131013 (nt64)
Copyright (c) 1995-2013 Xilinx, Inc.  All rights reserved.
--> Parameter TMPDIR set to xst/projnav.tmp


Total REAL time to Xst completion: 0.00 secs
Total CPU time to Xst completion: 0.08 secs
 
--> Parameter xsthdpdir set to xst


Total REAL time to Xst completion: 0.00 secs
Total CPU time to Xst completion: 0.08 secs
 
--> Reading design: GPIO_LED.prj

TABLE OF CONTENTS
  1) Synthesis Options Summary
  2) HDL Parsing
  3) HDL Elaboration
  4) HDL Synthesis
       4.1) HDL Synthesis Report
  5) Advanced HDL Synthesis
       5.1) Advanced HDL Synthesis Report
  6) Low Level Synthesis
  7) Partition Report
  8) Design Summary
       8.1) Primitive and Black Box Usage
       8.2) Device utilization summary
       8.3) Partition Resource Summary
       8.4) Timing Report
            8.4.1) Clock Information
            8.4.2) Asynchronous Control Signals Information
            8.4.3) Timing Summary
            8.4.4) Timing Details
            8.4.5) Cross Clock Domains Report


=========================================================================
*                      Synthesis Options Summary                        *
=========================================================================
---- Source Parameters
Input File Name                    : "GPIO_LED.prj"
Ignore Synthesis Constraint File   : NO

---- Target Parameters
Output File Name                   : "GPIO_LED"
Output Format                      : NGC
Target Device                      : xc6slx9-2-tqg144

---- Source Options
Top Module Name                    : GPIO_LED
Automatic FSM Extraction           : YES
FSM Encoding Algorithm             : Auto
Safe Implementation                : No
FSM Style                          : LUT
RAM Extraction                     : Yes
RAM Style                          : Auto
ROM Extraction                     : Yes
Shift Register Extraction          : YES
ROM Style                          : Auto
Resource Sharing                   : YES
Asynchronous To Synchronous        : NO
Shift Register Minimum Size        : 2
Use DSP Block                      : Auto
Automatic Register Balancing       : No

---- Target Options
LUT Combining                      : Auto
Reduce Control Sets                : Auto
Add IO Buffers                     : YES
Global Maximum Fanout              : 100000
Add Generic Clock Buffer(BUFG)     : 16
Register Duplication               : YES
Optimize Instantiated Primitives   : NO
Use Clock Enable                   : Auto
Use Synchronous Set                : Auto
Use Synchronous Reset              : Auto
Pack IO Registers into IOBs        : Auto
Equivalent register Removal        : YES

---- General Options
Optimization Goal                  : Speed
Optimization Effort                : 1
Power Reduction                    : NO
Keep Hierarchy                     : No
Netlist Hierarchy                  : As_Optimized
RTL Output                         : Yes
Global Optimization                : AllClockNets
Read Cores                         : YES
Write Timing Constraints           : NO
Cross Clock Analysis               : NO
Hierarchy Separator                : /
Bus Delimiter                      : <>
Case Specifier                     : Maintain
Slice Utilization Ratio            : 100
BRAM Utilization Ratio             : 100
DSP48 Utilization Ratio            : 100
Auto BRAM Packing                  : NO
Slice Utilization Ratio Delta      : 5

=========================================================================


=========================================================================
*                          HDL Parsing                                  *
=========================================================================
Analyzing Verilog file "C:\kk\kkk\demo_mouse_rand\button_led_buzzer.v" into library work
Parsing module <GPIO_LED>.

=========================================================================
*                            HDL Elaboration                            *
=========================================================================

Elaborating module <GPIO_LED>.

=========================================================================
*                           HDL Synthesis                               *
=========================================================================

Synthesizing Unit <GPIO_LED>.
    Related source file is "C:\kk\kkk\demo_mouse_rand\button_led_buzzer.v".
    Found 3-bit register for signal <sequence_cnt>.
    Found 32-bit register for signal <time_cnt>.
    Found 32-bit adder for signal <time_cnt[31]_GND_1_o_add_2_OUT> created at line 33.
    Found 3-bit adder for signal <sequence_cnt[2]_GND_1_o_add_8_OUT> created at line 45.
    Found 8x8-bit Read Only RAM for signal <led>
    Summary:
	inferred   1 RAM(s).
	inferred   2 Adder/Subtractor(s).
	inferred  35 D-type flip-flop(s).
Unit <GPIO_LED> synthesized.

=========================================================================
HDL Synthesis Report

Macro Statistics
# RAMs                                                 : 1
 8x8-bit single-port Read Only RAM                     : 1
# Adders/Subtractors                                   : 2
 3-bit adder                                           : 1
 32-bit adder                                          : 1
# Registers                                            : 2
 3-bit register                                        : 1
 32-bit register                                       : 1

=========================================================================

=========================================================================
*                       Advanced HDL Synthesis                          *
=========================================================================


Synthesizing (advanced) Unit <GPIO_LED>.
The following registers are absorbed into counter <time_cnt>: 1 register on signal <time_cnt>.
The following registers are absorbed into counter <sequence_cnt>: 1 register on signal <sequence_cnt>.
INFO:Xst:3218 - HDL ADVISOR - The RAM <Mram_led> will be implemented on LUTs either because you have described an asynchronous read or because of currently unsupported block RAM features. If you have described an asynchronous read, making it synchronous would allow you to take advantage of available block RAM resources, for optimized device usage and improved timings. Please refer to your documentation for coding guidelines.
    -----------------------------------------------------------------------
    | ram_type           | Distributed                         |          |
    -----------------------------------------------------------------------
    | Port A                                                              |
    |     aspect ratio   | 8-word x 8-bit                      |          |
    |     weA            | connected to signal <GND>           | high     |
    |     addrA          | connected to signal <sequence_cnt>  |          |
    |     diA            | connected to signal <GND>           |          |
    |     doA            | connected to signal <led>           |          |
    -----------------------------------------------------------------------
Unit <GPIO_LED> synthesized (advanced).

=========================================================================
Advanced HDL Synthesis Report

Macro Statistics
# RAMs                                                 : 1
 8x8-bit single-port distributed Read Only RAM         : 1
# Counters                                             : 2
 3-bit up counter                                      : 1
 32-bit up counter                                     : 1

=========================================================================

=========================================================================
*                         Low Level Synthesis                           *
=========================================================================

Optimizing unit <GPIO_LED> ...
WARNING:Xst:1293 - FF/Latch <time_cnt_27> has a constant value of 0 in block <GPIO_LED>. This FF/Latch will be trimmed during the optimization process.
WARNING:Xst:1896 - Due to other FF/Latch trimming, FF/Latch <time_cnt_28> has a constant value of 0 in block <GPIO_LED>. This FF/Latch will be trimmed during the optimization process.
WARNING:Xst:1896 - Due to other FF/Latch trimming, FF/Latch <time_cnt_29> has a constant value of 0 in block <GPIO_LED>. This FF/Latch will be trimmed during the optimization process.
WARNING:Xst:1896 - Due to other FF/Latch trimming, FF/Latch <time_cnt_30> has a constant value of 0 in block <GPIO_LED>. This FF/Latch will be trimmed during the optimization process.
WARNING:Xst:1896 - Due to other FF/Latch trimming, FF/Latch <time_cnt_31> has a constant value of 0 in block <GPIO_LED>. This FF/Latch will be trimmed during the optimization process.

Mapping all equations...
Building and optimizing final netlist ...
Found area constraint ratio of 100 (+ 5) on block GPIO_LED, actual ratio is 0.

Final Macro Processing ...

=========================================================================
Final Register Report

Macro Statistics
# Registers                                            : 30
 Flip-Flops                                            : 30

=========================================================================

=========================================================================
*                           Partition Report                            *
=========================================================================

Partition Implementation Status
-------------------------------

  No Partitions were found in this design.

-------------------------------

=========================================================================
*                            Design Summary                             *
=========================================================================

Top Level Output File Name         : GPIO_LED.ngc

Primitive and Black Box Usage:
------------------------------
# BELS                             : 136
#      GND                         : 1
#      INV                         : 1
#      LUT1                        : 26
#      LUT3                        : 11
#      LUT4                        : 1
#      LUT5                        : 2
#      LUT6                        : 39
#      MUXCY                       : 26
#      MUXF7                       : 1
#      VCC                         : 1
#      XORCY                       : 27
# FlipFlops/Latches                : 30
#      FD                          : 30
# Clock Buffers                    : 1
#      BUFGP                       : 1
# IO Buffers                       : 8
#      OBUF                        : 8

Device utilization summary:
---------------------------

Selected Device : 6slx9tqg144-2 


Slice Logic Utilization: 
 Number of Slice Registers:              30  out of  11440     0%  
 Number of Slice LUTs:                   80  out of   5720     1%  
    Number used as Logic:                80  out of   5720     1%  

Slice Logic Distribution: 
 Number of LUT Flip Flop pairs used:     80
   Number with an unused Flip Flop:      50  out of     80    62%  
   Number with an unused LUT:             0  out of     80     0%  
   Number of fully used LUT-FF pairs:    30  out of     80    37%  
   Number of unique control sets:         1

IO Utilization: 
 Number of IOs:                           9
 Number of bonded IOBs:                   9  out of    102     8%  

Specific Feature Utilization:
 Number of BUFG/BUFGCTRLs:                1  out of     16     6%  

---------------------------
Partition Resource Summary:
---------------------------

  No Partitions were found in this design.

---------------------------


=========================================================================
Timing Report

NOTE: THESE TIMING NUMBERS ARE ONLY A SYNTHESIS ESTIMATE.
      FOR ACCURATE TIMING INFORMATION PLEASE REFER TO THE TRACE REPORT
      GENERATED AFTER PLACE-and-ROUTE.

Clock Information:
------------------
-----------------------------------+------------------------+-------+
Clock Signal                       | Clock buffer(FF name)  | Load  |
-----------------------------------+------------------------+-------+
clk                                | BUFGP                  | 30    |
-----------------------------------+------------------------+-------+

Asynchronous Control Signals Information:
----------------------------------------
No asynchronous control signals found in this design

Timing Summary:
---------------
Speed Grade: -2

   Minimum period: 4.460ns (Maximum Frequency: 224.215MHz)
   Minimum input arrival time before clock: No path found
   Maximum output required time after clock: 5.620ns
   Maximum combinational path delay: No path found

Timing Details:
---------------
All values displayed in nanoseconds (ns)

=========================================================================
Timing constraint: Default period analysis for Clock 'clk'
  Clock period: 4.460ns (frequency: 224.215MHz)
  Total number of paths / destination ports: 1285 / 30
-------------------------------------------------------------------------
Delay:               4.460ns (Levels of Logic = 3)
  Source:            sequence_cnt_2 (FF)
  Destination:       sequence_cnt_1 (FF)
  Source Clock:      clk rising
  Destination Clock: clk rising

  Data Path: sequence_cnt_2 to sequence_cnt_1
                                Gate     Net
    Cell:in->out      fanout   Delay   Delay  Logical Name (Net Name)
    ----------------------------------------  ------------
     FD:C->Q              10   0.525   1.236  sequence_cnt_2 (sequence_cnt_2)
     LUT3:I0->O            2   0.235   1.156  time_cnt[31]_GND_1_o_equal_7_o<31>6_SW0 (N4)
     LUT6:I1->O            2   0.254   0.726  _n00241 (_n0024)
     LUT4:I3->O            1   0.254   0.000  sequence_cnt_1_rstpot (sequence_cnt_1_rstpot)
     FD:D                      0.074          sequence_cnt_1
    ----------------------------------------
    Total                      4.460ns (1.342ns logic, 3.118ns route)
                                       (30.1% logic, 69.9% route)

=========================================================================
Timing constraint: Default OFFSET OUT AFTER for Clock 'clk'
  Total number of paths / destination ports: 24 / 8
-------------------------------------------------------------------------
Offset:              5.620ns (Levels of Logic = 2)
  Source:            sequence_cnt_1 (FF)
  Destination:       led<7> (PAD)
  Source Clock:      clk rising

  Data Path: sequence_cnt_1 to led<7>
                                Gate     Net
    Cell:in->out      fanout   Delay   Delay  Logical Name (Net Name)
    ----------------------------------------  ------------
     FD:C->Q              11   0.525   1.267  sequence_cnt_1 (sequence_cnt_1)
     LUT3:I0->O            1   0.235   0.681  Mram_led12 (led_0_OBUF)
     OBUF:I->O                 2.912          led_0_OBUF (led<0>)
    ----------------------------------------
    Total                      5.620ns (3.672ns logic, 1.948ns route)
                                       (65.3% logic, 34.7% route)

=========================================================================

Cross Clock Domains Report:
--------------------------

Clock to Setup on destination clock clk
---------------+---------+---------+---------+---------+
               | Src:Rise| Src:Fall| Src:Rise| Src:Fall|
Source Clock   |Dest:Rise|Dest:Rise|Dest:Fall|Dest:Fall|
---------------+---------+---------+---------+---------+
clk            |    4.460|         |         |         |
---------------+---------+---------+---------+---------+

=========================================================================


Total REAL time to Xst completion: 2.00 secs
Total CPU time to Xst completion: 2.35 secs
 
--> 

Total memory usage is 4488512 kilobytes

Number of errors   :    0 (   0 filtered)
Number of warnings :    5 (   0 filtered)
Number of infos    :    1 (   0 filtered)

