Release 14.7 - xst P.20131013 (nt64)
Copyright (c) 1995-2013 Xilinx, Inc.  All rights reserved.
--> Parameter TMPDIR set to xst/projnav.tmp


Total REAL time to Xst completion: 0.00 secs
Total CPU time to Xst completion: 0.07 secs
 
--> Parameter xsthdpdir set to xst


Total REAL time to Xst completion: 0.00 secs
Total CPU time to Xst completion: 0.07 secs
 
--> Reading design: GPIO_LED.prj

TABLE OF CONTENTS
  1) Synthesis Options Summary
  2) HDL Parsing
  3) HDL Elaboration
  4) HDL Synthesis
       4.1) HDL Synthesis Report
  5) Advanced HDL Synthesis
       5.1) Advanced HDL Synthesis Report
  6) Low Level Synthesis
  7) Partition Report
  8) Design Summary
       8.1) Primitive and Black Box Usage
       8.2) Device utilization summary
       8.3) Partition Resource Summary
       8.4) Timing Report
            8.4.1) Clock Information
            8.4.2) Asynchronous Control Signals Information
            8.4.3) Timing Summary
            8.4.4) Timing Details
            8.4.5) Cross Clock Domains Report


=========================================================================
*                      Synthesis Options Summary                        *
=========================================================================
---- Source Parameters
Input File Name                    : "GPIO_LED.prj"
Ignore Synthesis Constraint File   : NO

---- Target Parameters
Output File Name                   : "GPIO_LED"
Output Format                      : NGC
Target Device                      : xc6slx9-2-tqg144

---- Source Options
Top Module Name                    : GPIO_LED
Automatic FSM Extraction           : YES
FSM Encoding Algorithm             : Auto
Safe Implementation                : No
FSM Style                          : LUT
RAM Extraction                     : Yes
RAM Style                          : Auto
ROM Extraction                     : Yes
Shift Register Extraction          : YES
ROM Style                          : Auto
Resource Sharing                   : YES
Asynchronous To Synchronous        : NO
Shift Register Minimum Size        : 2
Use DSP Block                      : Auto
Automatic Register Balancing       : No

---- Target Options
LUT Combining                      : Auto
Reduce Control Sets                : Auto
Add IO Buffers                     : YES
Global Maximum Fanout              : 100000
Add Generic Clock Buffer(BUFG)     : 16
Register Duplication               : YES
Optimize Instantiated Primitives   : NO
Use Clock Enable                   : Auto
Use Synchronous Set                : Auto
Use Synchronous Reset              : Auto
Pack IO Registers into IOBs        : Auto
Equivalent register Removal        : YES

---- General Options
Optimization Goal                  : Speed
Optimization Effort                : 1
Power Reduction                    : NO
Keep Hierarchy                     : No
Netlist Hierarchy                  : As_Optimized
RTL Output                         : Yes
Global Optimization                : AllClockNets
Read Cores                         : YES
Write Timing Constraints           : NO
Cross Clock Analysis               : NO
Hierarchy Separator                : /
Bus Delimiter                      : <>
Case Specifier                     : Maintain
Slice Utilization Ratio            : 100
BRAM Utilization Ratio             : 100
DSP48 Utilization Ratio            : 100
Auto BRAM Packing                  : NO
Slice Utilization Ratio Delta      : 5

=========================================================================


=========================================================================
*                          HDL Parsing                                  *
=========================================================================
Analyzing Verilog file "C:\Users\Lenovo\Desktop\WaterfallLight\GPIO_LED.v" into library work
Parsing module <GPIO_LED>.

=========================================================================
*                            HDL Elaboration                            *
=========================================================================

Elaborating module <GPIO_LED>.

=========================================================================
*                           HDL Synthesis                               *
=========================================================================

Synthesizing Unit <GPIO_LED>.
    Related source file is "C:\Users\Lenovo\Desktop\WaterfallLight\GPIO_LED.v".
    Found 8-bit register for signal <led>.
    Found 32-bit register for signal <time_cnt>.
    Found 32-bit adder for signal <time_cnt[31]_GND_1_o_add_2_OUT> created at line 33.
    Found 32-bit comparator greater for signal <n0004> created at line 38
    Found 32-bit comparator greater for signal <n0006> created at line 40
    Found 32-bit comparator greater for signal <n0008> created at line 42
    Found 32-bit comparator greater for signal <n0010> created at line 44
    Found 32-bit comparator greater for signal <n0012> created at line 46
    Found 32-bit comparator greater for signal <n0014> created at line 48
    Found 32-bit comparator greater for signal <n0016> created at line 50
    Found 32-bit comparator greater for signal <n0018> created at line 52
    Summary:
	inferred   1 Adder/Subtractor(s).
	inferred  40 D-type flip-flop(s).
	inferred   8 Comparator(s).
	inferred   5 Multiplexer(s).
Unit <GPIO_LED> synthesized.

=========================================================================
HDL Synthesis Report

Macro Statistics
# Adders/Subtractors                                   : 1
 32-bit adder                                          : 1
# Registers                                            : 2
 32-bit register                                       : 1
 8-bit register                                        : 1
# Comparators                                          : 8
 32-bit comparator greater                             : 8
# Multiplexers                                         : 5
 8-bit 2-to-1 multiplexer                              : 5

=========================================================================

=========================================================================
*                       Advanced HDL Synthesis                          *
=========================================================================


Synthesizing (advanced) Unit <GPIO_LED>.
The following registers are absorbed into counter <time_cnt>: 1 register on signal <time_cnt>.
Unit <GPIO_LED> synthesized (advanced).

=========================================================================
Advanced HDL Synthesis Report

Macro Statistics
# Counters                                             : 1
 32-bit up counter                                     : 1
# Registers                                            : 8
 Flip-Flops                                            : 8
# Comparators                                          : 8
 32-bit comparator greater                             : 8
# Multiplexers                                         : 5
 8-bit 2-to-1 multiplexer                              : 5

=========================================================================

=========================================================================
*                         Low Level Synthesis                           *
=========================================================================

Optimizing unit <GPIO_LED> ...
WARNING:Xst:1293 - FF/Latch <time_cnt_30> has a constant value of 0 in block <GPIO_LED>. This FF/Latch will be trimmed during the optimization process.
WARNING:Xst:1896 - Due to other FF/Latch trimming, FF/Latch <time_cnt_31> has a constant value of 0 in block <GPIO_LED>. This FF/Latch will be trimmed during the optimization process.

Mapping all equations...
Building and optimizing final netlist ...
Found area constraint ratio of 100 (+ 5) on block GPIO_LED, actual ratio is 3.

Final Macro Processing ...

=========================================================================
Final Register Report

Macro Statistics
# Registers                                            : 38
 Flip-Flops                                            : 38

=========================================================================

=========================================================================
*                           Partition Report                            *
=========================================================================

Partition Implementation Status
-------------------------------

  No Partitions were found in this design.

-------------------------------

=========================================================================
*                            Design Summary                             *
=========================================================================

Top Level Output File Name         : GPIO_LED.ngc

Primitive and Black Box Usage:
------------------------------
# BELS                             : 277
#      GND                         : 1
#      INV                         : 1
#      LUT1                        : 32
#      LUT2                        : 8
#      LUT3                        : 5
#      LUT4                        : 11
#      LUT5                        : 64
#      LUT6                        : 38
#      MUXCY                       : 85
#      MUXF7                       : 1
#      VCC                         : 1
#      XORCY                       : 30
# FlipFlops/Latches                : 38
#      FD                          : 38
# Clock Buffers                    : 1
#      BUFGP                       : 1
# IO Buffers                       : 8
#      OBUF                        : 8

Device utilization summary:
---------------------------

Selected Device : 6slx9tqg144-2 


Slice Logic Utilization: 
 Number of Slice Registers:              38  out of  11440     0%  
 Number of Slice LUTs:                  159  out of   5720     2%  
    Number used as Logic:               159  out of   5720     2%  

Slice Logic Distribution: 
 Number of LUT Flip Flop pairs used:    160
   Number with an unused Flip Flop:     122  out of    160    76%  
   Number with an unused LUT:             1  out of    160     0%  
   Number of fully used LUT-FF pairs:    37  out of    160    23%  
   Number of unique control sets:         1

IO Utilization: 
 Number of IOs:                           9
 Number of bonded IOBs:                   9  out of    102     8%  

Specific Feature Utilization:
 Number of BUFG/BUFGCTRLs:                1  out of     16     6%  

---------------------------
Partition Resource Summary:
---------------------------

  No Partitions were found in this design.

---------------------------


=========================================================================
Timing Report

NOTE: THESE TIMING NUMBERS ARE ONLY A SYNTHESIS ESTIMATE.
      FOR ACCURATE TIMING INFORMATION PLEASE REFER TO THE TRACE REPORT
      GENERATED AFTER PLACE-and-ROUTE.

Clock Information:
------------------
-----------------------------------+------------------------+-------+
Clock Signal                       | Clock buffer(FF name)  | Load  |
-----------------------------------+------------------------+-------+
clk                                | BUFGP                  | 38    |
-----------------------------------+------------------------+-------+

Asynchronous Control Signals Information:
----------------------------------------
No asynchronous control signals found in this design

Timing Summary:
---------------
Speed Grade: -2

   Minimum period: 5.424ns (Maximum Frequency: 184.366MHz)
   Minimum input arrival time before clock: No path found
   Maximum output required time after clock: 4.118ns
   Maximum combinational path delay: No path found

Timing Details:
---------------
All values displayed in nanoseconds (ns)

=========================================================================
Timing constraint: Default period analysis for Clock 'clk'
  Clock period: 5.424ns (frequency: 184.366MHz)
  Total number of paths / destination ports: 3072 / 38
-------------------------------------------------------------------------
Delay:               5.424ns (Levels of Logic = 8)
  Source:            time_cnt_14 (FF)
  Destination:       led_reg_7 (FF)
  Source Clock:      clk rising
  Destination Clock: clk rising

  Data Path: time_cnt_14 to led_reg_7
                                Gate     Net
    Cell:in->out      fanout   Delay   Delay  Logical Name (Net Name)
    ----------------------------------------  ------------
     FD:C->Q              18   0.525   1.665  time_cnt_14 (time_cnt_14)
     LUT5:I0->O            1   0.254   0.000  Mcompar_n0014_lut<2> (Mcompar_n0014_lut<2>)
     MUXCY:S->O            1   0.215   0.000  Mcompar_n0014_cy<2> (Mcompar_n0014_cy<2>)
     MUXCY:CI->O           1   0.023   0.000  Mcompar_n0014_cy<3> (Mcompar_n0014_cy<3>)
     MUXCY:CI->O           1   0.023   0.000  Mcompar_n0014_cy<4> (Mcompar_n0014_cy<4>)
     MUXCY:CI->O           1   0.023   0.000  Mcompar_n0014_cy<5> (Mcompar_n0014_cy<5>)
     MUXCY:CI->O           3   0.235   1.196  Mcompar_n0014_cy<6> (Mcompar_n0014_cy<6>)
     LUT6:I1->O            1   0.254   0.682  _n005121 (_n00512)
     LUT3:I2->O            1   0.254   0.000  led_reg_7_rstpot (led_reg_7_rstpot)
     FD:D                      0.074          led_reg_7
    ----------------------------------------
    Total                      5.424ns (1.881ns logic, 3.543ns route)
                                       (34.7% logic, 65.3% route)

=========================================================================
Timing constraint: Default OFFSET OUT AFTER for Clock 'clk'
  Total number of paths / destination ports: 8 / 8
-------------------------------------------------------------------------
Offset:              4.118ns (Levels of Logic = 1)
  Source:            led_reg_7 (FF)
  Destination:       led<7> (PAD)
  Source Clock:      clk rising

  Data Path: led_reg_7 to led<7>
                                Gate     Net
    Cell:in->out      fanout   Delay   Delay  Logical Name (Net Name)
    ----------------------------------------  ------------
     FD:C->Q               1   0.525   0.681  led_reg_7 (led_reg_7)
     OBUF:I->O                 2.912          led_7_OBUF (led<7>)
    ----------------------------------------
    Total                      4.118ns (3.437ns logic, 0.681ns route)
                                       (83.5% logic, 16.5% route)

=========================================================================

Cross Clock Domains Report:
--------------------------

Clock to Setup on destination clock clk
---------------+---------+---------+---------+---------+
               | Src:Rise| Src:Fall| Src:Rise| Src:Fall|
Source Clock   |Dest:Rise|Dest:Rise|Dest:Fall|Dest:Fall|
---------------+---------+---------+---------+---------+
clk            |    5.424|         |         |         |
---------------+---------+---------+---------+---------+

=========================================================================


Total REAL time to Xst completion: 3.00 secs
Total CPU time to Xst completion: 2.42 secs
 
--> 

Total memory usage is 4488512 kilobytes

Number of errors   :    0 (   0 filtered)
Number of warnings :    2 (   0 filtered)
Number of infos    :    0 (   0 filtered)

